#-----------------------------------------------------------
# Vivado v2018.2 (64-bit)
# SW Build 2258646 on Thu Jun 14 20:02:38 MDT 2018
# IP Build 2256618 on Thu Jun 14 22:10:49 MDT 2018
# Start of session at: Wed Apr  2 14:41:35 2025
# Process ID: 15011
# Current directory: /nfs/home/k/k_hussna/coen313/project
# Command line: vivado
# Log file: /nfs/home/k/k_hussna/coen313/project/vivado.log
# Journal file: /nfs/home/k/k_hussna/coen313/project/vivado.jou
#-----------------------------------------------------------
start_gui
create_project project1 /nfs/home/k/k_hussna/coen313/project/project1 -part xc7a100tcsg324-1
INFO: [IP_Flow 19-234] Refreshing IP repositories
INFO: [IP_Flow 19-1704] No user IP repositories specified
INFO: [IP_Flow 19-2313] Loaded Vivado IP repository '/CMC/tools/xilinx/Vivado_2018.2/Vivado/2018.2/data/ip'.
create_project: Time (s): cpu = 00:00:07 ; elapsed = 00:00:08 . Memory (MB): peak = 6278.059 ; gain = 43.078 ; free physical = 10256 ; free virtual = 22017
add_files -norecurse {/nfs/home/k/k_hussna/coen313/project/room_tb.vhd /nfs/home/k/k_hussna/coen313/project/room.vhd}
update_compile_order -fileset sources_1
launch_runs synth_1 -jobs 8
[Wed Apr  2 14:50:55 2025] Launched synth_1...
Run output will be captured here: /nfs/home/k/k_hussna/coen313/project/project1/project1.runs/synth_1/runme.log
launch_simulation
INFO: [Vivado 12-5682] Launching behavioral simulation in '/nfs/home/k/k_hussna/coen313/project/project1/project1.sim/sim_1/behav/xsim'
INFO: [SIM-utils-51] Simulation object is 'sim_1'
INFO: [SIM-utils-54] Inspecting design source files for 'Room_tb' in fileset 'sim_1'...
INFO: [USF-XSim-97] Finding global include files...
INFO: [USF-XSim-98] Fetching design files from 'sim_1'...
INFO: [USF-XSim-2] XSim::Compile design
INFO: [USF-XSim-61] Executing 'COMPILE and ANALYZE' step in '/nfs/home/k/k_hussna/coen313/project/project1/project1.sim/sim_1/behav/xsim'
xvhdl --incr --relax -prj Room_tb_vhdl.prj
INFO: [VRFC 10-163] Analyzing VHDL file "/nfs/home/k/k_hussna/coen313/project/room.vhd" into library xil_defaultlib
INFO: [VRFC 10-307] analyzing entity Room
INFO: [VRFC 10-163] Analyzing VHDL file "/nfs/home/k/k_hussna/coen313/project/room_tb.vhd" into library xil_defaultlib
INFO: [VRFC 10-307] analyzing entity Room_tb
INFO: [USF-XSim-69] 'compile' step finished in '5' seconds
INFO: [USF-XSim-3] XSim::Elaborate design
INFO: [USF-XSim-61] Executing 'ELABORATE' step in '/nfs/home/k/k_hussna/coen313/project/project1/project1.sim/sim_1/behav/xsim'
Vivado Simulator 2018.2
Copyright 1986-1999, 2001-2018 Xilinx, Inc. All Rights Reserved.
Running: /CMC/tools/xilinx/Vivado_2018.2/Vivado/2018.2/bin/unwrapped/lnx64.o/xelab -wto 75964af5aea54873b02d59c7b60089b4 --incr --debug typical --relax --mt 8 -L xil_defaultlib -L secureip --snapshot Room_tb_behav xil_defaultlib.Room_tb -log elaborate.log 
Using 8 slave threads.
Starting static elaboration
Completed static elaboration
Starting simulation data flow analysis
Completed simulation data flow analysis
Time Resolution for simulation is 1ps
Compiling package std.standard
Compiling package std.textio
Compiling package ieee.std_logic_1164
Compiling package ieee.numeric_std
Compiling architecture behavior of entity xil_defaultlib.Room [room_default]
Compiling architecture behavior of entity xil_defaultlib.room_tb
Built simulation snapshot Room_tb_behav

****** Webtalk v2018.2 (64-bit)
  **** SW Build 2258646 on Thu Jun 14 20:02:38 MDT 2018
  **** IP Build 2256618 on Thu Jun 14 22:10:49 MDT 2018
    ** Copyright 1986-2018 Xilinx, Inc. All Rights Reserved.

source /nfs/home/k/k_hussna/coen313/project/project1/project1.sim/sim_1/behav/xsim/xsim.dir/Room_tb_behav/webtalk/xsim_webtalk.tcl -notrace
INFO: [Common 17-206] Exiting Webtalk at Wed Apr  2 15:05:08 2025...
run_program: Time (s): cpu = 00:00:02 ; elapsed = 00:00:09 . Memory (MB): peak = 6374.211 ; gain = 0.000 ; free physical = 10083 ; free virtual = 21982
INFO: [USF-XSim-69] 'elaborate' step finished in '9' seconds
INFO: [USF-XSim-4] XSim::Simulate design
INFO: [USF-XSim-61] Executing 'SIMULATE' step in '/nfs/home/k/k_hussna/coen313/project/project1/project1.sim/sim_1/behav/xsim'
INFO: [USF-XSim-98] *** Running xsim
   with args "Room_tb_behav -key {Behavioral:sim_1:Functional:Room_tb} -tclbatch {Room_tb.tcl} -log {simulate.log}"
INFO: [USF-XSim-8] Loading simulator feature
Vivado Simulator 2018.2
Time resolution is 1 ps
source Room_tb.tcl
# set curr_wave [current_wave_config]
# if { [string length $curr_wave] == 0 } {
#   if { [llength [get_objects]] > 0} {
#     add_wave /
#     set_property needs_save false [current_wave_config]
#   } else {
#      send_msg_id Add_Wave-1 WARNING "No top level signals found. Simulator will start without a wave window. If you want to open a wave window go to 'File->New Waveform Configuration' or type 'create_wave_config' in the TCL console."
#   }
# }
# run 1000ns
INFO: [USF-XSim-96] XSim completed. Design snapshot 'Room_tb_behav' loaded.
INFO: [USF-XSim-97] XSim simulation ran for 1000ns
launch_simulation: Time (s): cpu = 00:00:05 ; elapsed = 00:00:17 . Memory (MB): peak = 6445.035 ; gain = 70.824 ; free physical = 10035 ; free virtual = 21942
synth_design -rtl -name rtl_1
Command: synth_design -rtl -name rtl_1
Starting synth_design
Using part: xc7a100tcsg324-1
Top: Room_tb
---------------------------------------------------------------------------------
Starting RTL Elaboration : Time (s): cpu = 00:00:01 ; elapsed = 00:00:02 . Memory (MB): peak = 6491.031 ; gain = 45.996 ; free physical = 9954 ; free virtual = 21853
---------------------------------------------------------------------------------
INFO: [Synth 8-638] synthesizing module 'Room_tb' [/nfs/home/k/k_hussna/coen313/project/room_tb.vhd:8]
INFO: [Synth 8-3491] module 'Room' declared at '/nfs/home/k/k_hussna/coen313/project/room.vhd:5' bound to instance 'uut' of component 'Room' [/nfs/home/k/k_hussna/coen313/project/room_tb.vhd:36]
INFO: [Synth 8-638] synthesizing module 'Room' [/nfs/home/k/k_hussna/coen313/project/room.vhd:17]
INFO: [Synth 8-256] done synthesizing module 'Room' (1#1) [/nfs/home/k/k_hussna/coen313/project/room.vhd:17]
WARNING: [Synth 8-312] ignoring unsynthesizable construct: wait statement with no conditon [/nfs/home/k/k_hussna/coen313/project/room_tb.vhd:51]
WARNING: [Synth 8-312] ignoring unsynthesizable construct: wait statement with no conditon [/nfs/home/k/k_hussna/coen313/project/room_tb.vhd:51]
WARNING: [Synth 8-312] ignoring unsynthesizable construct: wait statement with no conditon [/nfs/home/k/k_hussna/coen313/project/room_tb.vhd:51]
WARNING: [Synth 8-312] ignoring unsynthesizable construct: wait statement with no conditon [/nfs/home/k/k_hussna/coen313/project/room_tb.vhd:51]
WARNING: [Synth 8-312] ignoring unsynthesizable construct: wait statement with no conditon [/nfs/home/k/k_hussna/coen313/project/room_tb.vhd:51]
WARNING: [Synth 8-312] ignoring unsynthesizable construct: wait statement with no conditon [/nfs/home/k/k_hussna/coen313/project/room_tb.vhd:51]
WARNING: [Synth 8-312] ignoring unsynthesizable construct: wait statement with no conditon [/nfs/home/k/k_hussna/coen313/project/room_tb.vhd:51]
WARNING: [Synth 8-312] ignoring unsynthesizable construct: wait statement with no conditon [/nfs/home/k/k_hussna/coen313/project/room_tb.vhd:51]
WARNING: [Synth 8-312] ignoring unsynthesizable construct: wait statement with no conditon [/nfs/home/k/k_hussna/coen313/project/room_tb.vhd:51]
WARNING: [Synth 8-312] ignoring unsynthesizable construct: wait statement with no conditon [/nfs/home/k/k_hussna/coen313/project/room_tb.vhd:51]
WARNING: [Synth 8-312] ignoring unsynthesizable construct: wait statement with no conditon [/nfs/home/k/k_hussna/coen313/project/room_tb.vhd:51]
WARNING: [Synth 8-312] ignoring unsynthesizable construct: wait statement with no conditon [/nfs/home/k/k_hussna/coen313/project/room_tb.vhd:51]
WARNING: [Synth 8-312] ignoring unsynthesizable construct: wait statement with no conditon [/nfs/home/k/k_hussna/coen313/project/room_tb.vhd:51]
WARNING: [Synth 8-312] ignoring unsynthesizable construct: wait statement with no conditon [/nfs/home/k/k_hussna/coen313/project/room_tb.vhd:51]
WARNING: [Synth 8-312] ignoring unsynthesizable construct: wait statement with no conditon [/nfs/home/k/k_hussna/coen313/project/room_tb.vhd:51]
WARNING: [Synth 8-312] ignoring unsynthesizable construct: wait statement with no conditon [/nfs/home/k/k_hussna/coen313/project/room_tb.vhd:51]
WARNING: [Synth 8-312] ignoring unsynthesizable construct: wait statement with no conditon [/nfs/home/k/k_hussna/coen313/project/room_tb.vhd:51]
WARNING: [Synth 8-312] ignoring unsynthesizable construct: wait statement with no conditon [/nfs/home/k/k_hussna/coen313/project/room_tb.vhd:51]
WARNING: [Synth 8-312] ignoring unsynthesizable construct: wait statement with no conditon [/nfs/home/k/k_hussna/coen313/project/room_tb.vhd:51]
WARNING: [Synth 8-312] ignoring unsynthesizable construct: wait statement with no conditon [/nfs/home/k/k_hussna/coen313/project/room_tb.vhd:51]
WARNING: [Synth 8-312] ignoring unsynthesizable construct: wait statement with no conditon [/nfs/home/k/k_hussna/coen313/project/room_tb.vhd:51]
WARNING: [Synth 8-312] ignoring unsynthesizable construct: wait statement with no conditon [/nfs/home/k/k_hussna/coen313/project/room_tb.vhd:51]
WARNING: [Synth 8-312] ignoring unsynthesizable construct: wait statement with no conditon [/nfs/home/k/k_hussna/coen313/project/room_tb.vhd:51]
WARNING: [Synth 8-312] ignoring unsynthesizable construct: wait statement with no conditon [/nfs/home/k/k_hussna/coen313/project/room_tb.vhd:51]
WARNING: [Synth 8-312] ignoring unsynthesizable construct: wait statement with no conditon [/nfs/home/k/k_hussna/coen313/project/room_tb.vhd:51]
WARNING: [Synth 8-312] ignoring unsynthesizable construct: wait statement with no conditon [/nfs/home/k/k_hussna/coen313/project/room_tb.vhd:51]
WARNING: [Synth 8-312] ignoring unsynthesizable construct: wait statement with no conditon [/nfs/home/k/k_hussna/coen313/project/room_tb.vhd:51]
WARNING: [Synth 8-312] ignoring unsynthesizable construct: wait statement with no conditon [/nfs/home/k/k_hussna/coen313/project/room_tb.vhd:51]
WARNING: [Synth 8-312] ignoring unsynthesizable construct: wait statement with no conditon [/nfs/home/k/k_hussna/coen313/project/room_tb.vhd:51]
WARNING: [Synth 8-312] ignoring unsynthesizable construct: wait statement with no conditon [/nfs/home/k/k_hussna/coen313/project/room_tb.vhd:51]
WARNING: [Synth 8-312] ignoring unsynthesizable construct: wait statement with no conditon [/nfs/home/k/k_hussna/coen313/project/room_tb.vhd:51]
WARNING: [Synth 8-312] ignoring unsynthesizable construct: wait statement with no conditon [/nfs/home/k/k_hussna/coen313/project/room_tb.vhd:51]
WARNING: [Synth 8-312] ignoring unsynthesizable construct: wait statement with no conditon [/nfs/home/k/k_hussna/coen313/project/room_tb.vhd:51]
WARNING: [Synth 8-312] ignoring unsynthesizable construct: wait statement with no conditon [/nfs/home/k/k_hussna/coen313/project/room_tb.vhd:51]
WARNING: [Synth 8-312] ignoring unsynthesizable construct: wait statement with no conditon [/nfs/home/k/k_hussna/coen313/project/room_tb.vhd:51]
WARNING: [Synth 8-312] ignoring unsynthesizable construct: wait statement with no conditon [/nfs/home/k/k_hussna/coen313/project/room_tb.vhd:51]
WARNING: [Synth 8-312] ignoring unsynthesizable construct: wait statement with no conditon [/nfs/home/k/k_hussna/coen313/project/room_tb.vhd:51]
WARNING: [Synth 8-312] ignoring unsynthesizable construct: wait statement with no conditon [/nfs/home/k/k_hussna/coen313/project/room_tb.vhd:51]
WARNING: [Synth 8-312] ignoring unsynthesizable construct: wait statement with no conditon [/nfs/home/k/k_hussna/coen313/project/room_tb.vhd:51]
WARNING: [Synth 8-312] ignoring unsynthesizable construct: wait statement with no conditon [/nfs/home/k/k_hussna/coen313/project/room_tb.vhd:51]
WARNING: [Synth 8-312] ignoring unsynthesizable construct: wait statement with no conditon [/nfs/home/k/k_hussna/coen313/project/room_tb.vhd:51]
WARNING: [Synth 8-312] ignoring unsynthesizable construct: wait statement with no conditon [/nfs/home/k/k_hussna/coen313/project/room_tb.vhd:51]
WARNING: [Synth 8-312] ignoring unsynthesizable construct: wait statement with no conditon [/nfs/home/k/k_hussna/coen313/project/room_tb.vhd:51]
WARNING: [Synth 8-312] ignoring unsynthesizable construct: wait statement with no conditon [/nfs/home/k/k_hussna/coen313/project/room_tb.vhd:51]
WARNING: [Synth 8-312] ignoring unsynthesizable construct: wait statement with no conditon [/nfs/home/k/k_hussna/coen313/project/room_tb.vhd:51]
WARNING: [Synth 8-312] ignoring unsynthesizable construct: wait statement with no conditon [/nfs/home/k/k_hussna/coen313/project/room_tb.vhd:51]
WARNING: [Synth 8-312] ignoring unsynthesizable construct: wait statement with no conditon [/nfs/home/k/k_hussna/coen313/project/room_tb.vhd:51]
WARNING: [Synth 8-312] ignoring unsynthesizable construct: wait statement with no conditon [/nfs/home/k/k_hussna/coen313/project/room_tb.vhd:51]
WARNING: [Synth 8-312] ignoring unsynthesizable construct: wait statement with no conditon [/nfs/home/k/k_hussna/coen313/project/room_tb.vhd:51]
WARNING: [Synth 8-312] ignoring unsynthesizable construct: wait statement with no conditon [/nfs/home/k/k_hussna/coen313/project/room_tb.vhd:51]
WARNING: [Synth 8-312] ignoring unsynthesizable construct: wait statement with no conditon [/nfs/home/k/k_hussna/coen313/project/room_tb.vhd:51]
WARNING: [Synth 8-312] ignoring unsynthesizable construct: wait statement with no conditon [/nfs/home/k/k_hussna/coen313/project/room_tb.vhd:51]
WARNING: [Synth 8-312] ignoring unsynthesizable construct: wait statement with no conditon [/nfs/home/k/k_hussna/coen313/project/room_tb.vhd:51]
WARNING: [Synth 8-312] ignoring unsynthesizable construct: wait statement with no conditon [/nfs/home/k/k_hussna/coen313/project/room_tb.vhd:51]
WARNING: [Synth 8-312] ignoring unsynthesizable construct: wait statement with no conditon [/nfs/home/k/k_hussna/coen313/project/room_tb.vhd:51]
WARNING: [Synth 8-312] ignoring unsynthesizable construct: wait statement with no conditon [/nfs/home/k/k_hussna/coen313/project/room_tb.vhd:51]
WARNING: [Synth 8-312] ignoring unsynthesizable construct: wait statement with no conditon [/nfs/home/k/k_hussna/coen313/project/room_tb.vhd:51]
WARNING: [Synth 8-312] ignoring unsynthesizable construct: wait statement with no conditon [/nfs/home/k/k_hussna/coen313/project/room_tb.vhd:51]
WARNING: [Synth 8-312] ignoring unsynthesizable construct: wait statement with no conditon [/nfs/home/k/k_hussna/coen313/project/room_tb.vhd:51]
WARNING: [Synth 8-312] ignoring unsynthesizable construct: wait statement with no conditon [/nfs/home/k/k_hussna/coen313/project/room_tb.vhd:51]
WARNING: [Synth 8-312] ignoring unsynthesizable construct: wait statement with no conditon [/nfs/home/k/k_hussna/coen313/project/room_tb.vhd:51]
WARNING: [Synth 8-312] ignoring unsynthesizable construct: wait statement with no conditon [/nfs/home/k/k_hussna/coen313/project/room_tb.vhd:51]
WARNING: [Synth 8-312] ignoring unsynthesizable construct: wait statement with no conditon [/nfs/home/k/k_hussna/coen313/project/room_tb.vhd:51]
WARNING: [Synth 8-312] ignoring unsynthesizable construct: wait statement with no conditon [/nfs/home/k/k_hussna/coen313/project/room_tb.vhd:51]
WARNING: [Synth 8-312] ignoring unsynthesizable construct: wait statement with no conditon [/nfs/home/k/k_hussna/coen313/project/room_tb.vhd:51]
WARNING: [Synth 8-312] ignoring unsynthesizable construct: wait statement with no conditon [/nfs/home/k/k_hussna/coen313/project/room_tb.vhd:51]
WARNING: [Synth 8-312] ignoring unsynthesizable construct: wait statement with no conditon [/nfs/home/k/k_hussna/coen313/project/room_tb.vhd:51]
WARNING: [Synth 8-312] ignoring unsynthesizable construct: wait statement with no conditon [/nfs/home/k/k_hussna/coen313/project/room_tb.vhd:51]
WARNING: [Synth 8-312] ignoring unsynthesizable construct: wait statement with no conditon [/nfs/home/k/k_hussna/coen313/project/room_tb.vhd:51]
WARNING: [Synth 8-312] ignoring unsynthesizable construct: wait statement with no conditon [/nfs/home/k/k_hussna/coen313/project/room_tb.vhd:51]
WARNING: [Synth 8-312] ignoring unsynthesizable construct: wait statement with no conditon [/nfs/home/k/k_hussna/coen313/project/room_tb.vhd:51]
WARNING: [Synth 8-312] ignoring unsynthesizable construct: wait statement with no conditon [/nfs/home/k/k_hussna/coen313/project/room_tb.vhd:51]
WARNING: [Synth 8-312] ignoring unsynthesizable construct: wait statement with no conditon [/nfs/home/k/k_hussna/coen313/project/room_tb.vhd:51]
WARNING: [Synth 8-312] ignoring unsynthesizable construct: wait statement with no conditon [/nfs/home/k/k_hussna/coen313/project/room_tb.vhd:51]
WARNING: [Synth 8-312] ignoring unsynthesizable construct: wait statement with no conditon [/nfs/home/k/k_hussna/coen313/project/room_tb.vhd:51]
WARNING: [Synth 8-312] ignoring unsynthesizable construct: wait statement with no conditon [/nfs/home/k/k_hussna/coen313/project/room_tb.vhd:51]
WARNING: [Synth 8-312] ignoring unsynthesizable construct: wait statement with no conditon [/nfs/home/k/k_hussna/coen313/project/room_tb.vhd:51]
WARNING: [Synth 8-312] ignoring unsynthesizable construct: wait statement with no conditon [/nfs/home/k/k_hussna/coen313/project/room_tb.vhd:51]
WARNING: [Synth 8-312] ignoring unsynthesizable construct: wait statement with no conditon [/nfs/home/k/k_hussna/coen313/project/room_tb.vhd:51]
WARNING: [Synth 8-312] ignoring unsynthesizable construct: wait statement with no conditon [/nfs/home/k/k_hussna/coen313/project/room_tb.vhd:51]
WARNING: [Synth 8-312] ignoring unsynthesizable construct: wait statement with no conditon [/nfs/home/k/k_hussna/coen313/project/room_tb.vhd:51]
WARNING: [Synth 8-312] ignoring unsynthesizable construct: wait statement with no conditon [/nfs/home/k/k_hussna/coen313/project/room_tb.vhd:51]
WARNING: [Synth 8-312] ignoring unsynthesizable construct: wait statement with no conditon [/nfs/home/k/k_hussna/coen313/project/room_tb.vhd:51]
WARNING: [Synth 8-312] ignoring unsynthesizable construct: wait statement with no conditon [/nfs/home/k/k_hussna/coen313/project/room_tb.vhd:51]
WARNING: [Synth 8-312] ignoring unsynthesizable construct: wait statement with no conditon [/nfs/home/k/k_hussna/coen313/project/room_tb.vhd:51]
WARNING: [Synth 8-312] ignoring unsynthesizable construct: wait statement with no conditon [/nfs/home/k/k_hussna/coen313/project/room_tb.vhd:51]
WARNING: [Synth 8-312] ignoring unsynthesizable construct: wait statement with no conditon [/nfs/home/k/k_hussna/coen313/project/room_tb.vhd:51]
WARNING: [Synth 8-312] ignoring unsynthesizable construct: wait statement with no conditon [/nfs/home/k/k_hussna/coen313/project/room_tb.vhd:51]
WARNING: [Synth 8-312] ignoring unsynthesizable construct: wait statement with no conditon [/nfs/home/k/k_hussna/coen313/project/room_tb.vhd:51]
WARNING: [Synth 8-312] ignoring unsynthesizable construct: wait statement with no conditon [/nfs/home/k/k_hussna/coen313/project/room_tb.vhd:51]
WARNING: [Synth 8-312] ignoring unsynthesizable construct: wait statement with no conditon [/nfs/home/k/k_hussna/coen313/project/room_tb.vhd:51]
WARNING: [Synth 8-312] ignoring unsynthesizable construct: wait statement with no conditon [/nfs/home/k/k_hussna/coen313/project/room_tb.vhd:51]
WARNING: [Synth 8-312] ignoring unsynthesizable construct: wait statement with no conditon [/nfs/home/k/k_hussna/coen313/project/room_tb.vhd:51]
WARNING: [Synth 8-312] ignoring unsynthesizable construct: wait statement with no conditon [/nfs/home/k/k_hussna/coen313/project/room_tb.vhd:51]
WARNING: [Synth 8-312] ignoring unsynthesizable construct: wait statement with no conditon [/nfs/home/k/k_hussna/coen313/project/room_tb.vhd:51]
WARNING: [Synth 8-312] ignoring unsynthesizable construct: wait statement with no conditon [/nfs/home/k/k_hussna/coen313/project/room_tb.vhd:51]
WARNING: [Synth 8-312] ignoring unsynthesizable construct: wait statement with no conditon [/nfs/home/k/k_hussna/coen313/project/room_tb.vhd:51]
WARNING: [Synth 8-312] ignoring unsynthesizable construct: wait statement with no conditon [/nfs/home/k/k_hussna/coen313/project/room_tb.vhd:51]
WARNING: [Synth 8-312] ignoring unsynthesizable construct: wait statement with no conditon [/nfs/home/k/k_hussna/coen313/project/room_tb.vhd:51]
WARNING: [Synth 8-312] ignoring unsynthesizable construct: wait statement with no conditon [/nfs/home/k/k_hussna/coen313/project/room_tb.vhd:51]
INFO: [Common 17-14] Message 'Synth 8-312' appears 100 times and further instances of the messages will be disabled. Use the Tcl command set_msg_config to change the current settings.
ERROR: [Synth 8-403] loop limit (65536) exceeded [/nfs/home/k/k_hussna/coen313/project/room_tb.vhd:49]
ERROR: [Synth 8-285] failed synthesizing module 'Room_tb' [/nfs/home/k/k_hussna/coen313/project/room_tb.vhd:8]
---------------------------------------------------------------------------------
Finished RTL Elaboration : Time (s): cpu = 00:00:04 ; elapsed = 00:00:03 . Memory (MB): peak = 6538.277 ; gain = 93.242 ; free physical = 9967 ; free virtual = 21866
---------------------------------------------------------------------------------
RTL Elaboration failed
5 Infos, 100 Warnings, 0 Critical Warnings and 3 Errors encountered.
synth_design failed
ERROR: [Vivado_Tcl 4-5] Elaboration failed - please see the console for details
export_ip_user_files -of_objects  [get_files /nfs/home/k/k_hussna/coen313/project/room_tb.vhd] -no_script -reset -force -quiet
remove_files  /nfs/home/k/k_hussna/coen313/project/room_tb.vhd
reset_run synth_1
WARNING: [Vivado 12-1017] Problems encountered:
1. Failed to delete one or more files in run directory /nfs/home/k/k_hussna/coen313/project/project1/project1.runs/synth_1

launch_runs synth_1 -jobs 8
[Wed Apr  2 15:07:21 2025] Launched synth_1...
Run output will be captured here: /nfs/home/k/k_hussna/coen313/project/project1/project1.runs/synth_1/runme.log
launch_runs impl_1 -jobs 8
[Wed Apr  2 15:08:02 2025] Launched impl_1...
Run output will be captured here: /nfs/home/k/k_hussna/coen313/project/project1/project1.runs/impl_1/runme.log
open_run impl_1
INFO: [Netlist 29-17] Analyzing 15 Unisim elements for replacement
INFO: [Netlist 29-28] Unisim Transformation completed in 0 CPU seconds
INFO: [Project 1-479] Netlist was created with Vivado 2018.2
INFO: [Device 21-403] Loading part xc7a100tcsg324-1
INFO: [Project 1-570] Preparing netlist for logic optimization
Reading XDEF placement.
Reading placer database...
Reading XDEF routing.
Read XDEF File: Time (s): cpu = 00:00:00.01 ; elapsed = 00:00:00.01 . Memory (MB): peak = 6755.078 ; gain = 0.000 ; free physical = 9628 ; free virtual = 21588
Restored from archive | CPU: 0.010000 secs | Memory: 0.066658 MB |
Finished XDEF File Restore: Time (s): cpu = 00:00:00.01 ; elapsed = 00:00:00.01 . Memory (MB): peak = 6755.078 ; gain = 0.000 ; free physical = 9628 ; free virtual = 21588
INFO: [Project 1-111] Unisim Transformation Summary:
No Unisim elements were transformed.

open_run: Time (s): cpu = 00:00:12 ; elapsed = 00:00:17 . Memory (MB): peak = 6958.066 ; gain = 378.770 ; free physical = 9500 ; free virtual = 21461
WARNING: [Timing 38-313] There are no user specified timing constraints. Timing constraints are needed for proper timing analysis.
close_design
synth_design -rtl -name rtl_1
Command: synth_design -rtl -name rtl_1
Starting synth_design
Using part: xc7a100tcsg324-1
Top: Room
---------------------------------------------------------------------------------
Starting RTL Elaboration : Time (s): cpu = 00:00:01 ; elapsed = 00:00:02 . Memory (MB): peak = 7230.324 ; gain = 0.000 ; free physical = 9238 ; free virtual = 21199
---------------------------------------------------------------------------------
INFO: [Synth 8-638] synthesizing module 'Room' [/nfs/home/k/k_hussna/coen313/project/room.vhd:17]
INFO: [Synth 8-256] done synthesizing module 'Room' (1#1) [/nfs/home/k/k_hussna/coen313/project/room.vhd:17]
---------------------------------------------------------------------------------
Finished RTL Elaboration : Time (s): cpu = 00:00:01 ; elapsed = 00:00:02 . Memory (MB): peak = 7230.324 ; gain = 0.000 ; free physical = 9252 ; free virtual = 21214
---------------------------------------------------------------------------------

Report Check Netlist: 
+------+------------------+-------+---------+-------+------------------+
|      |Item              |Errors |Warnings |Status |Description       |
+------+------------------+-------+---------+-------+------------------+
|1     |multi_driven_nets |      0|        0|Passed |Multi driven nets |
+------+------------------+-------+---------+-------+------------------+
---------------------------------------------------------------------------------
Start Handling Custom Attributes
---------------------------------------------------------------------------------
---------------------------------------------------------------------------------
Finished Handling Custom Attributes : Time (s): cpu = 00:00:02 ; elapsed = 00:00:03 . Memory (MB): peak = 7230.324 ; gain = 0.000 ; free physical = 9252 ; free virtual = 21213
---------------------------------------------------------------------------------
---------------------------------------------------------------------------------
Finished RTL Optimization Phase 1 : Time (s): cpu = 00:00:02 ; elapsed = 00:00:03 . Memory (MB): peak = 7230.324 ; gain = 0.000 ; free physical = 9252 ; free virtual = 21213
---------------------------------------------------------------------------------
INFO: [Project 1-570] Preparing netlist for logic optimization

Processing XDC Constraints
Initializing timing engine
Completed Processing XDC Constraints

INFO: [Opt 31-138] Pushed 0 inverter(s) to 0 load pin(s).
INFO: [Project 1-111] Unisim Transformation Summary:
No Unisim elements were transformed.

RTL Elaboration Complete:  : Time (s): cpu = 00:00:04 ; elapsed = 00:00:04 . Memory (MB): peak = 7333.871 ; gain = 103.547 ; free physical = 9143 ; free virtual = 21107
5 Infos, 0 Warnings, 0 Critical Warnings and 0 Errors encountered.
synth_design completed successfully
close_design
open_run synth_1 -name synth_1
Design is defaulting to impl run constrset: constrs_1
Design is defaulting to synth run part: xc7a100tcsg324-1
INFO: [Netlist 29-17] Analyzing 15 Unisim elements for replacement
INFO: [Netlist 29-28] Unisim Transformation completed in 0 CPU seconds
INFO: [Project 1-479] Netlist was created with Vivado 2018.2
INFO: [Project 1-570] Preparing netlist for logic optimization
INFO: [Opt 31-138] Pushed 0 inverter(s) to 0 load pin(s).
INFO: [Project 1-111] Unisim Transformation Summary:
No Unisim elements were transformed.

synth_design -rtl -name rtl_1
Command: synth_design -rtl -name rtl_1
Starting synth_design
Using part: xc7a100tcsg324-1
Top: Room
---------------------------------------------------------------------------------
Starting RTL Elaboration : Time (s): cpu = 00:00:01 ; elapsed = 00:00:02 . Memory (MB): peak = 7333.871 ; gain = 0.000 ; free physical = 9097 ; free virtual = 21061
---------------------------------------------------------------------------------
INFO: [Synth 8-638] synthesizing module 'Room' [/nfs/home/k/k_hussna/coen313/project/room.vhd:17]
INFO: [Synth 8-256] done synthesizing module 'Room' (1#1) [/nfs/home/k/k_hussna/coen313/project/room.vhd:17]
---------------------------------------------------------------------------------
Finished RTL Elaboration : Time (s): cpu = 00:00:02 ; elapsed = 00:00:02 . Memory (MB): peak = 7351.117 ; gain = 17.246 ; free physical = 9115 ; free virtual = 21079
---------------------------------------------------------------------------------

Report Check Netlist: 
+------+------------------+-------+---------+-------+------------------+
|      |Item              |Errors |Warnings |Status |Description       |
+------+------------------+-------+---------+-------+------------------+
|1     |multi_driven_nets |      0|        0|Passed |Multi driven nets |
+------+------------------+-------+---------+-------+------------------+
---------------------------------------------------------------------------------
Start Handling Custom Attributes
---------------------------------------------------------------------------------
---------------------------------------------------------------------------------
Finished Handling Custom Attributes : Time (s): cpu = 00:00:02 ; elapsed = 00:00:03 . Memory (MB): peak = 7351.117 ; gain = 17.246 ; free physical = 9117 ; free virtual = 21081
---------------------------------------------------------------------------------
---------------------------------------------------------------------------------
Finished RTL Optimization Phase 1 : Time (s): cpu = 00:00:02 ; elapsed = 00:00:03 . Memory (MB): peak = 7351.117 ; gain = 17.246 ; free physical = 9117 ; free virtual = 21081
---------------------------------------------------------------------------------
INFO: [Project 1-570] Preparing netlist for logic optimization

Processing XDC Constraints
Initializing timing engine
Completed Processing XDC Constraints

INFO: [Opt 31-138] Pushed 0 inverter(s) to 0 load pin(s).
INFO: [Project 1-111] Unisim Transformation Summary:
No Unisim elements were transformed.

RTL Elaboration Complete:  : Time (s): cpu = 00:00:04 ; elapsed = 00:00:04 . Memory (MB): peak = 7518.180 ; gain = 184.309 ; free physical = 9010 ; free virtual = 20974
5 Infos, 0 Warnings, 0 Critical Warnings and 0 Errors encountered.
synth_design completed successfully
open_run impl_1
INFO: [Netlist 29-17] Analyzing 15 Unisim elements for replacement
INFO: [Netlist 29-28] Unisim Transformation completed in 0 CPU seconds
INFO: [Project 1-479] Netlist was created with Vivado 2018.2
INFO: [Project 1-570] Preparing netlist for logic optimization
Reading XDEF placement.
Reading placer database...
Reading XDEF routing.
Read XDEF File: Time (s): cpu = 00:00:00.01 ; elapsed = 00:00:00.01 . Memory (MB): peak = 7537.176 ; gain = 0.000 ; free physical = 8937 ; free virtual = 20901
Restored from archive | CPU: 0.010000 secs | Memory: 0.063934 MB |
Finished XDEF File Restore: Time (s): cpu = 00:00:00.01 ; elapsed = 00:00:00.01 . Memory (MB): peak = 7537.176 ; gain = 0.000 ; free physical = 8937 ; free virtual = 20901
INFO: [Project 1-111] Unisim Transformation Summary:
No Unisim elements were transformed.

WARNING: [Timing 38-313] There are no user specified timing constraints. Timing constraints are needed for proper timing analysis.
write_schematic -format pdf -orientation portrait /nfs/home/k/k_hussna/coen313/project/schematic.pdf
/nfs/home/k/k_hussna/coen313/project/schematic.pdf
write_schematic -format pdf -orientation portrait /nfs/home/k/k_hussna/coen313/project/schematic2.pdf
/nfs/home/k/k_hussna/coen313/project/schematic2.pdf
write_schematic -format pdf -orientation portrait /nfs/home/k/k_hussna/coen313/project/schematic2.pdf
/nfs/home/k/k_hussna/coen313/project/schematic2.pdf
close_sim
INFO: [Simtcl 6-16] Simulation closed
exit
INFO: [Common 17-206] Exiting Vivado at Wed Apr  2 15:21:12 2025...
